<?xml version="1.0" encoding="UTF-8"?>
<!-- Generated by org.testng.reporters.JUnitReportReporter -->
<testsuite hostname="LAPTOP-3HDPJDDV" failures="0" tests="1" name="testng.Parameterxml" time="0.014" errors="0" timestamp="2024-02-15T12:46:28 IST" skipped="0">
  <testcase classname="testng.Parameterxml" name="test" time="0.014"/>
  <system-out/>
</testsuite> <!-- testng.Parameterxml -->
