<?xml version="1.0" encoding="UTF-8"?>
<!-- Generated by org.testng.reporters.JUnitReportReporter -->
<testsuite hostname="LAPTOP-3HDPJDDV" failures="0" tests="1" name="testng.Autoitfileupload" time="3.941" errors="0" timestamp="2024-02-24T12:56:27 IST" skipped="0">
  <testcase classname="testng.Autoitfileupload" name="test" time="3.941"/>
  <system-out/>
</testsuite> <!-- testng.Autoitfileupload -->
