<?xml version="1.0" encoding="UTF-8"?>
<!-- Generated by org.testng.reporters.JUnitReportReporter -->
<testsuite hostname="LAPTOP-3HDPJDDV" failures="0" tests="3" name="testng.Demogrp" time="0.018" errors="0" timestamp="2024-02-15T12:24:59 IST" skipped="0">
  <testcase classname="testng.Demogrp" name="main3" time="0.014"/>
  <system-out/>
  <testcase classname="testng.Demogrp" name="main5" time="0.002"/>
  <system-out/>
  <testcase classname="testng.Demogrp" name="main4" time="0.002"/>
  <system-out/>
</testsuite> <!-- testng.Demogrp -->
