<?xml version="1.0" encoding="UTF-8"?>
<!-- Generated by org.testng.reporters.JUnitReportReporter -->
<testsuite hostname="LAPTOP-3HDPJDDV" failures="0" tests="1" name="testng.Datepick" time="3.168" errors="0" timestamp="2024-03-05T11:27:31 IST" skipped="0">
  <testcase classname="testng.Datepick" name="test" time="3.168"/>
  <system-out/>
</testsuite> <!-- testng.Datepick -->
