<?xml version="1.0" encoding="UTF-8"?>
<!-- Generated by org.testng.reporters.JUnitReportReporter -->
<testsuite hostname="LAPTOP-3HDPJDDV" failures="0" tests="1" name="testng.Amazonmobileqstin" time="17.565" errors="0" timestamp="2024-02-22T14:28:10 IST" skipped="0">
  <testcase classname="testng.Amazonmobileqstin" name="test" time="17.565"/>
  <system-out/>
</testsuite> <!-- testng.Amazonmobileqstin -->
