<?xml version="1.0" encoding="UTF-8"?>
<!-- Generated by org.testng.reporters.JUnitReportReporter -->
<testsuite hostname="LAPTOP-3HDPJDDV" failures="0" tests="1" name="testng.Ebay" time="6.020" errors="0" timestamp="2024-02-20T13:16:30 IST" skipped="0">
  <testcase classname="testng.Ebay" name="test" time="6.020"/>
  <system-out/>
</testsuite> <!-- testng.Ebay -->
