<?xml version="1.0" encoding="UTF-8"?>
<!-- Generated by org.testng.reporters.JUnitReportReporter -->
<testsuite hostname="LAPTOP-3HDPJDDV" failures="0" tests="1" name="test.Blazedemotest" time="4.441" errors="0" timestamp="2024-02-27T13:33:36 IST" skipped="0">
  <testcase classname="test.Blazedemotest" name="test" time="4.441"/>
  <system-out/>
</testsuite> <!-- test.Blazedemotest -->
