<?xml version="1.0" encoding="UTF-8"?>
<!-- Generated by org.testng.reporters.JUnitReportReporter -->
<testsuite hostname="LAPTOP-3HDPJDDV" failures="0" tests="1" name="testng.Rightclickinspect" time="3.469" errors="0" timestamp="2024-02-20T12:28:10 IST" skipped="0">
  <testcase classname="testng.Rightclickinspect" name="tets" time="3.469"/>
  <system-out/>
</testsuite> <!-- testng.Rightclickinspect -->
