<?xml version="1.0" encoding="UTF-8"?>
<!-- Generated by org.testng.reporters.JUnitReportReporter -->
<testsuite hostname="LAPTOP-3HDPJDDV" failures="0" tests="3" name="testng.Crossbrowser" time="8.963" errors="0" timestamp="2024-02-16T12:18:59 IST" skipped="0">
  <testcase classname="testng.Crossbrowser" name="test" time="2.203"/>
  <system-out/>
  <testcase classname="testng.Crossbrowser" name="test" time="2.796"/>
  <system-out/>
  <testcase classname="testng.Crossbrowser" name="test" time="3.964"/>
  <system-out/>
</testsuite> <!-- testng.Crossbrowser -->
