<?xml version="1.0" encoding="UTF-8"?>
<!-- Generated by org.testng.reporters.JUnitReportReporter -->
<testsuite hostname="LAPTOP-3HDPJDDV" failures="0" tests="2" name="testng.Fileuploaddemoguru" time="6.553" errors="0" timestamp="2024-02-23T12:44:17 IST" skipped="0">
  <testcase classname="testng.Fileuploaddemoguru" name="submit" time="1.120"/>
  <system-out/>
  <testcase classname="testng.Fileuploaddemoguru" name="test" time="5.433"/>
  <system-out/>
</testsuite> <!-- testng.Fileuploaddemoguru -->
