<?xml version="1.0" encoding="UTF-8"?>
<!-- Generated by org.testng.reporters.JUnitReportReporter -->
<testsuite hostname="LAPTOP-3HDPJDDV" failures="0" tests="1" name="test.Pagedrivenframeworktest" time="28.476" errors="0" timestamp="2024-03-05T13:28:39 IST" skipped="0">
  <testcase classname="test.Pagedrivenframeworktest" name="verifyLoginWithValidCred" time="28.476"/>
  <system-out/>
</testsuite> <!-- test.Pagedrivenframeworktest -->
