<?xml version="1.0" encoding="UTF-8"?>
<!-- Generated by org.testng.reporters.JUnitReportReporter -->
<testsuite hostname="LAPTOP-3HDPJDDV" failures="0" tests="1" name="testng.Fileuploadpdfsite" time="4.708" errors="0" timestamp="2024-02-23T13:02:33 IST" skipped="0">
  <testcase classname="testng.Fileuploadpdfsite" name="test" time="4.708"/>
  <system-out/>
</testsuite> <!-- testng.Fileuploadpdfsite -->
