<?xml version="1.0" encoding="UTF-8"?>
<!-- Generated by org.testng.reporters.JUnitReportReporter -->
<testsuite hostname="LAPTOP-3HDPJDDV" failures="0" tests="4" name="testng.Demopgm" time="0.013" errors="0" timestamp="2024-02-14T12:43:24 IST" skipped="0">
  <testcase classname="testng.Demopgm" name="test3" time="0.008"/>
  <system-out/>
  <testcase classname="testng.Demopgm" name="test2" time="0.002"/>
  <system-out/>
  <testcase classname="testng.Demopgm" name="test2" time="0.002"/>
  <system-out/>
  <testcase classname="testng.Demopgm" name="test1" time="0.001"/>
  <system-out/>
</testsuite> <!-- testng.Demopgm -->
