<?xml version="1.0" encoding="UTF-8"?>
<!-- Generated by org.testng.reporters.JUnitReportReporter -->
<testsuite hostname="LAPTOP-3HDPJDDV" failures="0" tests="1" name="testng.Assign" time="24.459" errors="0" timestamp="2024-02-20T16:44:12 IST" skipped="0">
  <testcase classname="testng.Assign" name="test" time="24.459"/>
  <system-out/>
</testsuite> <!-- testng.Assign -->
