<?xml version="1.0" encoding="UTF-8"?>
<!-- Generated by org.testng.reporters.JUnitReportReporter -->
<testsuite hostname="LAPTOP-3HDPJDDV" failures="0" tests="1" name="testng.Assignment" time="3.397" errors="0" timestamp="2024-02-20T12:28:57 IST" skipped="0">
  <testcase classname="testng.Assignment" name="test" time="3.397"/>
  <system-out/>
</testsuite> <!-- testng.Assignment -->
