<?xml version="1.0" encoding="UTF-8"?>
<!-- Generated by org.testng.reporters.JUnitReportReporter -->
<testsuite hostname="LAPTOP-3HDPJDDV" failures="0" tests="1" name="testng.Windowhandle" time="7.205" errors="0" timestamp="2024-02-22T12:39:20 IST" skipped="0">
  <testcase classname="testng.Windowhandle" name="test" time="7.205"/>
  <system-out/>
</testsuite> <!-- testng.Windowhandle -->
