<?xml version="1.0" encoding="UTF-8"?>
<!-- Generated by org.testng.reporters.JUnitReportReporter -->
<testsuite hostname="LAPTOP-3HDPJDDV" failures="0" tests="1" name="test.FBlogintest" time="1.293" errors="0" timestamp="2024-02-28T13:09:53 IST" skipped="0">
  <testcase classname="test.FBlogintest" name="test" time="1.293"/>
  <system-out/>
</testsuite> <!-- test.FBlogintest -->
